build/intermediates/manifest_merge_blame_file/debug/processDebugManifest/manifest-merger-blame-debug-report.txt
1<?xml version="1.0" encoding="utf-8"?>
2<manifest xmlns:android="http://schemas.android.com/apk/res/android"
3    package="io.securenode.branding" >
4
5    <uses-sdk android:minSdkVersion="23" />
6
7    <uses-permission android:name="android.permission.INTERNET" />
7-->src\main\AndroidManifest.xml:3:5-67
7-->src\main\AndroidManifest.xml:3:22-64
8    <uses-permission android:name="android.permission.READ_PHONE_STATE" />
8-->src\main\AndroidManifest.xml:4:5-75
8-->src\main\AndroidManifest.xml:4:22-72
9
10    <!--
11      NOTE: This library does NOT auto-register CallScreeningService to avoid manifest surprises.
12      Host app should declare:
13      io.securenode.branding.call.SecureNodeCallScreeningService
14      with android.permission.BIND_SCREENING_SERVICE and intent-filter android.telecom.CallScreeningService
15    -->
16    <application>
16-->src\main\AndroidManifest.xml:12:1-18:15
17        <activity
17-->src\main\AndroidManifest.xml:13:5-17:62
18            android:name="io.securenode.branding.debug.DebugActivity"
18-->src\main\AndroidManifest.xml:14:9-66
19            android:enabled="false"
19-->src\main\AndroidManifest.xml:16:9-32
20            android:exported="false"
20-->src\main\AndroidManifest.xml:15:9-33
21            android:theme="@android:style/Theme.DeviceDefault" />
21-->src\main\AndroidManifest.xml:17:9-59
22    </application>
23
24</manifest>